--- Startup times for process: Primary/TUI ---

times in msec
 clock   self+sourced   self:  sourced script
 clock   elapsed:              other lines

000.002  000.002: --- NVIM STARTING ---
000.214  000.212: event init
000.325  000.110: early init
000.385  000.060: locale set
000.434  000.049: init first window
000.659  000.226: inits 1
000.666  000.006: window checked
000.667  000.002: parsing arguments
000.944  000.019  000.019: require('vim.shared')
000.987  000.023  000.023: require('vim.inspect')
001.013  000.018  000.018: require('vim._options')
001.013  000.067  000.026: require('vim._editor')
001.014  000.104  000.018: require('vim._init_packages')
001.015  000.243: init lua interpreter
001.440  000.425: --- NVIM STARTED ---

--- Startup times for process: Embedded ---

times in msec
 clock   self+sourced   self:  sourced script
 clock   elapsed:              other lines

000.001  000.001: --- NVIM STARTING ---
000.110  000.109: event init
000.153  000.043: early init
000.182  000.029: locale set
000.205  000.023: init first window
000.323  000.118: inits 1
000.332  000.009: window checked
000.332  000.001: parsing arguments
000.560  000.019  000.019: require('vim.shared')
000.601  000.021  000.021: require('vim.inspect')
000.627  000.019  000.019: require('vim._options')
000.628  000.065  000.026: require('vim._editor')
000.628  000.096  000.012: require('vim._init_packages')
000.630  000.202: init lua interpreter
000.668  000.037: expanding arguments
000.676  000.008: inits 2
000.799  000.123: init highlight
000.799  000.000: waiting for UI
001.177  000.378: done waiting for UI
001.180  000.004: clear screen
001.224  000.005  000.005: require('vim.keymap')
001.439  000.257  000.252: require('vim._defaults')
001.440  000.003: init default mappings & autocommands
001.831  000.026  000.026: sourcing /usr/local/share/nvim/runtime/ftplugin.vim
001.865  000.010  000.010: sourcing /usr/local/share/nvim/runtime/indent.vim
001.966  000.029  000.029: require('bernhard.remap')
002.300  000.397  000.368: sourcing /home/bernhard/.config/nvim/init.lua
002.304  000.432: sourcing vimrc file(s)
002.406  000.073  000.073: sourcing /usr/local/share/nvim/runtime/filetype.lua
002.501  000.033  000.033: sourcing /usr/local/share/nvim/runtime/syntax/synload.vim
002.540  000.107  000.074: sourcing /usr/local/share/nvim/runtime/syntax/syntax.vim
003.044  000.259  000.259: sourcing /home/bernhard/.config/nvim/plugin/packer_compiled.lua
003.301  000.063  000.063: sourcing /usr/local/share/nvim/runtime/plugin/gzip.vim
003.635  000.085  000.085: sourcing /usr/local/share/nvim/runtime/pack/dist/opt/matchit/plugin/matchit.vim
003.671  000.359  000.274: sourcing /usr/local/share/nvim/runtime/plugin/matchit.vim
003.734  000.053  000.053: sourcing /usr/local/share/nvim/runtime/plugin/matchparen.vim
003.871  000.126  000.126: sourcing /usr/local/share/nvim/runtime/plugin/netrwPlugin.vim
003.953  000.064  000.064: sourcing /usr/local/share/nvim/runtime/plugin/rplugin.vim
003.991  000.024  000.024: sourcing /usr/local/share/nvim/runtime/plugin/shada.vim
004.013  000.007  000.007: sourcing /usr/local/share/nvim/runtime/plugin/spellfile.vim
004.059  000.033  000.033: sourcing /usr/local/share/nvim/runtime/plugin/tarPlugin.vim
004.083  000.007  000.007: sourcing /usr/local/share/nvim/runtime/plugin/tutor.vim
004.155  000.057  000.057: sourcing /usr/local/share/nvim/runtime/plugin/zipPlugin.vim
004.192  000.020  000.020: sourcing /usr/local/share/nvim/runtime/plugin/editorconfig.lua
004.237  000.030  000.030: sourcing /usr/local/share/nvim/runtime/plugin/man.lua
004.274  000.024  000.024: sourcing /usr/local/share/nvim/runtime/plugin/osc52.lua
004.313  000.026  000.026: sourcing /usr/local/share/nvim/runtime/plugin/tohtml.lua
004.323  000.687: loading rtp plugins
004.480  000.157: loading packages
005.043  000.187  000.187: sourcing /home/bernhard/.config/nvim/after/plugin/telescope.lua
005.045  000.378: loading after plugins
005.049  000.004: inits 3
005.641  000.591: reading ShaDa
005.702  000.062: opening buffers
005.711  000.009: BufEnter autocommands
005.712  000.001: editing files in windows
005.751  000.039: VimEnter autocommands
005.752  000.001: UIEnter autocommands
005.753  000.001: before starting main loop
1101.287  1095.534: first screen update
1101.293  000.006: --- NVIM STARTED ---

